<?xml version="1.0" encoding="UTF-8"?>
<!-- Generated by org.testng.reporters.JUnitXMLReporter -->
<testsuite hostname="Ceroshs-MacBook-Pro.local" ignored="0" name="EK Mobile Site Test Cases" tests="7" failures="0" timestamp="15 Jan 2018 19:46:05 GMT" time="65.469" errors="0">
  <testcase name="verifyFeaturedFareLink" time="6.957" classname="com.EK.MobileSite.testcases.HomePageTest"/>
  <testcase name="verifyManageABookingLink" time="1.905" classname="com.EK.MobileSite.testcases.HomePageTest"/>
  <testcase name="verifyOnlineCheckinLink" time="3.424" classname="com.EK.MobileSite.testcases.HomePageTest"/>
  <testcase name="HomePageTitleTest" time="0.011" classname="com.EK.MobileSite.testcases.HomePageTest"/>
  <testcase name="verifyMakeABookingLink" time="4.903" classname="com.EK.MobileSite.testcases.HomePageTest"/>
  <testcase name="verifyFlightStatusLink" time="3.801" classname="com.EK.MobileSite.testcases.HomePageTest"/>
  <testcase name="verifyMobileTermsAndConditionsLink" time="3.328" classname="com.EK.MobileSite.testcases.HomePageTest"/>
</testsuite> <!-- EK Mobile Site Test Cases -->
