<?xml version="1.0" encoding="UTF-8"?>
<!-- Generated by org.testng.reporters.JUnitXMLReporter -->
<testsuite hostname="Ceroshs-MacBook-Pro.local" ignored="0" name="Default test" tests="4" failures="0" timestamp="27 Jan 2018 19:11:36 GMT" time="129.053" errors="0">
  <testcase name="searchReturnsResults" time="48.156" classname="POWithPageElements.TestPage"/>
  <testcase name="goToPage" time="10.32" classname="POWithPageElements.TestPage"/>
  <testcase name="goToNextPage" time="39.125" classname="POWithPageElements.TestPage"/>
  <testcase name="goToPrvsPage" time="30.186" classname="POWithPageElements.TestPage"/>
</testsuite> <!-- Default test -->
