<?xml version="1.0" encoding="UTF-8" ?>
<testsuite tests="7" failures="0" name="TestSuite" time="43.666" errors="0" skipped="0">
  <properties>
[...]
</properties>
  <testcase classname="com.EK.MobileSite.testcases.HomePageTest" name="verifyFeaturedFareLink" time="9.324"/>
  <testcase classname="com.EK.MobileSite.testcases.HomePageTest" name="verifyManageABookingLink" time="4.742"/>
  <testcase classname="com.EK.MobileSite.testcases.HomePageTest" name="verifyOnlineCheckinLink" time="5.4"/>
  <testcase classname="com.EK.MobileSite.testcases.HomePageTest" name="HomePageTitleTest" time="0.007"/>
  <testcase classname="com.EK.MobileSite.testcases.HomePageTest" name="verifyMakeABookingLink" time="16.927"/>
  <testcase classname="com.EK.MobileSite.testcases.HomePageTest" name="verifyFlightStatusLink" time="3.166"/>
  <testcase classname="com.EK.MobileSite.testcases.HomePageTest" name="verifyMobileTermsAndConditionsLink" time="4.1"/>
</testsuite>