<?xml version="1.0" encoding="UTF-8"?>
<!-- Generated by org.testng.reporters.JUnitXMLReporter -->
<testsuite hostname="Ceroshs-MacBook-Pro.local" ignored="0" name="Command line test" tests="7" failures="0" timestamp="16 Jan 2018 18:38:52 GMT" time="134.287" errors="0">
  <testcase name="verifyFeaturedFareLink" time="9.323" classname="com.EK.MobileSite.testcases.HomePageTest"/>
  <testcase name="verifyManageABookingLink" time="4.742" classname="com.EK.MobileSite.testcases.HomePageTest"/>
  <testcase name="verifyOnlineCheckinLink" time="5.399" classname="com.EK.MobileSite.testcases.HomePageTest"/>
  <testcase name="HomePageTitleTest" time="0.008" classname="com.EK.MobileSite.testcases.HomePageTest"/>
  <testcase name="verifyMakeABookingLink" time="16.927" classname="com.EK.MobileSite.testcases.HomePageTest"/>
  <testcase name="verifyFlightStatusLink" time="3.165" classname="com.EK.MobileSite.testcases.HomePageTest"/>
  <testcase name="verifyMobileTermsAndConditionsLink" time="4.099" classname="com.EK.MobileSite.testcases.HomePageTest"/>
</testsuite> <!-- Command line test -->
